AH00558: apache2: Could not reliably determine the server's fully qualified domain name, using 172.19.0.3. Set the 'ServerName' directive globally to suppress this message
[Mon Jan 17 14:28:26.746251 2022] [mpm_prefork:notice] [pid 1] AH00163: Apache/2.4.51 (Debian) PHP/7.4.27 configured -- resuming normal operations
[Mon Jan 17 14:28:26.746532 2022] [core:notice] [pid 1] AH00094: Command line: 'apache2 -D FOREGROUND'
[Mon Jan 17 14:30:44.293383 2022] [mpm_prefork:notice] [pid 1] AH00170: caught SIGWINCH, shutting down gracefully
AH00558: apache2: Could not reliably determine the server's fully qualified domain name, using 172.19.0.3. Set the 'ServerName' directive globally to suppress this message
[Mon Jan 17 14:36:12.239541 2022] [mpm_prefork:notice] [pid 1] AH00163: Apache/2.4.51 (Debian) PHP/7.4.27 configured -- resuming normal operations
[Mon Jan 17 14:36:12.255178 2022] [core:notice] [pid 1] AH00094: Command line: 'apache2 -D FOREGROUND'
AH00558: apache2: Could not reliably determine the server's fully qualified domain name, using 172.19.0.3. Set the 'ServerName' directive globally to suppress this message
[Fri Jan 21 09:59:44.878173 2022] [mpm_prefork:notice] [pid 1] AH00163: Apache/2.4.51 (Debian) PHP/7.4.27 configured -- resuming normal operations
[Fri Jan 21 09:59:44.884393 2022] [core:notice] [pid 1] AH00094: Command line: 'apache2 -D FOREGROUND'
AH00558: apache2: Could not reliably determine the server's fully qualified domain name, using 172.19.0.4. Set the 'ServerName' directive globally to suppress this message
[Mon Jan 24 11:10:50.051836 2022] [mpm_prefork:notice] [pid 1] AH00163: Apache/2.4.51 (Debian) PHP/7.4.27 configured -- resuming normal operations
[Mon Jan 24 11:10:50.052162 2022] [core:notice] [pid 1] AH00094: Command line: 'apache2 -D FOREGROUND'
AH00558: apache2: Could not reliably determine the server's fully qualified domain name, using 172.19.0.3. Set the 'ServerName' directive globally to suppress this message
[Fri Jan 28 10:04:05.989095 2022] [mpm_prefork:notice] [pid 1] AH00163: Apache/2.4.51 (Debian) PHP/7.4.27 configured -- resuming normal operations
[Fri Jan 28 10:04:05.989432 2022] [core:notice] [pid 1] AH00094: Command line: 'apache2 -D FOREGROUND'
[Fri Jan 28 10:05:38.961152 2022] [mpm_prefork:notice] [pid 1] AH00170: caught SIGWINCH, shutting down gracefully
AH00558: apache2: Could not reliably determine the server's fully qualified domain name, using 172.19.0.4. Set the 'ServerName' directive globally to suppress this message
[Thu Feb 03 18:34:22.763160 2022] [mpm_prefork:notice] [pid 1] AH00163: Apache/2.4.51 (Debian) PHP/7.4.27 configured -- resuming normal operations
[Thu Feb 03 18:34:22.763508 2022] [core:notice] [pid 1] AH00094: Command line: 'apache2 -D FOREGROUND'
AH00558: apache2: Could not reliably determine the server's fully qualified domain name, using 172.19.0.4. Set the 'ServerName' directive globally to suppress this message
[Fri Feb 04 09:51:30.501104 2022] [mpm_prefork:notice] [pid 1] AH00163: Apache/2.4.51 (Debian) PHP/7.4.27 configured -- resuming normal operations
[Fri Feb 04 09:51:30.502428 2022] [core:notice] [pid 1] AH00094: Command line: 'apache2 -D FOREGROUND'
[Fri Feb 04 09:58:30.883729 2022] [php7:error] [pid 19] [client 192.168.28.1:59268] script '/var/www/html/controladorUpdate.php' not found or unable to stat, referer: http://192.168.28.140:8085/UpdateProducto.php
AH00558: apache2: Could not reliably determine the server's fully qualified domain name, using 172.19.0.3. Set the 'ServerName' directive globally to suppress this message
[Mon Feb 07 11:31:01.444646 2022] [mpm_prefork:notice] [pid 1] AH00163: Apache/2.4.51 (Debian) PHP/7.4.27 configured -- resuming normal operations
[Mon Feb 07 11:31:01.444994 2022] [core:notice] [pid 1] AH00094: Command line: 'apache2 -D FOREGROUND'
[Mon Feb 07 12:46:38.263808 2022] [mpm_prefork:notice] [pid 1] AH00170: caught SIGWINCH, shutting down gracefully
